INFO:sqlalchemy.engine.base.Engine:SHOW VARIABLES LIKE 'sql_mode'
INFO:sqlalchemy.engine.base.Engine:()
INFO:sqlalchemy.engine.base.Engine:SELECT DATABASE()
INFO:sqlalchemy.engine.base.Engine:()
INFO:sqlalchemy.engine.base.Engine:show collation where `Charset` = 'utf8' and `Collation` = 'utf8_bin'
INFO:sqlalchemy.engine.base.Engine:()
INFO:sqlalchemy.engine.base.Engine:SELECT CAST('test plain returns' AS CHAR(60)) AS anon_1
INFO:sqlalchemy.engine.base.Engine:()
INFO:sqlalchemy.engine.base.Engine:SELECT CAST('test unicode returns' AS CHAR(60)) AS anon_1
INFO:sqlalchemy.engine.base.Engine:()
INFO:sqlalchemy.engine.base.Engine:SELECT CAST('test collated returns' AS CHAR CHARACTER SET utf8) COLLATE utf8_bin AS anon_1
INFO:sqlalchemy.engine.base.Engine:()
INFO:sqlalchemy.engine.base.Engine:DESCRIBE `stock_basics`
INFO:sqlalchemy.engine.base.Engine:()
INFO:sqlalchemy.engine.base.Engine:DESCRIBE `stock_basics`
INFO:sqlalchemy.engine.base.Engine:()
INFO:sqlalchemy.engine.base.Engine:SHOW FULL TABLES FROM `stocks_information`
INFO:sqlalchemy.engine.base.Engine:()
INFO:sqlalchemy.engine.base.Engine:SHOW CREATE TABLE `stock_basics`
INFO:sqlalchemy.engine.base.Engine:()
INFO:sqlalchemy.engine.base.Engine:
DROP TABLE stock_basics
INFO:sqlalchemy.engine.base.Engine:()
INFO:sqlalchemy.engine.base.Engine:COMMIT
INFO:sqlalchemy.engine.base.Engine:
CREATE TABLE stock_basics (
	code NATIONAL VARCHAR(6), 
	name TEXT, 
	industry TEXT, 
	area TEXT, 
	pe FLOAT(53), 
	outstanding FLOAT(53), 
	totals FLOAT(53), 
	`totalAssets` FLOAT(53), 
	`liquidAssets` FLOAT(53), 
	`fixedAssets` FLOAT(53), 
	reserved FLOAT(53), 
	`reservedPerShare` FLOAT(53), 
	esp FLOAT(53), 
	bvps FLOAT(53), 
	pb FLOAT(53), 
	`timeToMarket` BIGINT
)


INFO:sqlalchemy.engine.base.Engine:()
INFO:sqlalchemy.engine.base.Engine:COMMIT
INFO:sqlalchemy.engine.base.Engine:CREATE INDEX ix_stock_basics_code ON stock_basics (code)
INFO:sqlalchemy.engine.base.Engine:()
INFO:sqlalchemy.engine.base.Engine:COMMIT
INFO:sqlalchemy.engine.base.Engine:BEGIN (implicit)
INFO:sqlalchemy.engine.base.Engine:INSERT INTO stock_basics (code, name, industry, area, pe, outstanding, totals, `totalAssets`, `liquidAssets`, `fixedAssets`, reserved, `reservedPerShare`, esp, bvps, pb, `timeToMarket`) VALUES (%s, %s, %s, %s, %s, %s, %s, %s, %s, %s, %s, %s, %s, %s, %s, %s)
INFO:sqlalchemy.engine.base.Engine:(('300547', 'N\xe5\xb7\x9d\xe7\x8e\xaf', '\xe6\xa9\xa1\xe8\x83\xb6', '\xe5\x9b\x9b\xe5\xb7\x9d', 26.26, 1495.0, 5977.91, 52754.48, 37607.68, 11992.28, 3170.0, 0.53, 0.605, 7.12, 4.46, 20160930), ('300549', 'N\xe4\xbc\x98\xe5\xbe\xb7', '\xe4\xb8\x93\xe7\x94\xa8\xe6\x9c\xba\xe6\xa2\xb0', '\xe6\xb1\x9f\xe8\x8b\x8f', 36.34, 1667.0, 6667.0, 37171.9, 25088.67, 9150.82, 3910.71, 0.59, 0.298, 3.73, 5.8, 20160930), ('601128', 'N\xe5\xb8\xb8\xe9\x93\xb6', '\xe9\x93\xb6\xe8\xa1\x8c', '\xe6\xb1\x9f\xe8\x8b\x8f', 12.97, 22227.27, 222272.8, 12238343.0, 0.0, 84182.49, 501.27, 0.0, 0.237, 4.28, 1.44, 20160930), ('600397', '\xe5\xae\x89\xe6\xba\x90\xe7\x85\xa4\xe4\xb8\x9a', '\xe7\x85\xa4\xe7\x82\xad\xe5\xbc\x80\xe9\x87\x87', '\xe6\xb1\x9f\xe8\xa5\xbf', 0.0, 98995.97, 98995.97, 976967.81, 460136.34, 319360.28, 184983.36, 1.87, -0.256, 3.3, 1.56, 20020702), ('000731', '\xe5\x9b\x9b\xe5\xb7\x9d\xe7\xbe\x8e\xe4\xb8\xb0', '\xe5\x86\x9c\xe8\x8d\xaf\xe5\x8c\x96\xe8\x82\xa5', '\xe5\x9b\x9b\xe5\xb7\x9d', 0.0, 59148.42, 59148.42, 469451.44, 148459.17, 229945.7, 64085.73, 1.08, -0.076, 4.51, 1.94, 19970617), ('000757', '\xe6\xb5\xa9\xe7\x89\xa9\xe8\x82\xa1\xe4\xbb\xbd', '\xe6\xb1\xbd\xe8\xbd\xa6\xe9\x85\x8d\xe4\xbb\xb6', '\xe5\x9b\x9b\xe5\xb7\x9d', 130.76, 36633.03, 45162.12, 86941.81, 42748.85, 18001.15, 83475.13, 1.85, 0.037000000000000005, 1.25, 7.72, 19970627), ('300308', '\xe4\xb8\xad\xe9\x99\x85\xe8\xa3\x85\xe5\xa4\x87', '\xe5\xb7\xa5\xe7\xa8\x8b\xe6\x9c\xba\xe6\xa2\xb0', '\xe5\xb1\xb1\xe4\xb8\x9c', 275.82, 21454.58, 21601.08, 62941.36, 29182.64, 18715.67, 23233.75, 1.08, 0.025, 2.56, 5.31, 20120410), ('600173', '\xe5\x8d\xa7\xe9\xbe\x99\xe5\x9c\xb0\xe4\xba\xa7', '\xe5\x85\xa8\xe5\x9b\xbd\xe5\x9c\xb0\xe4\xba\xa7', '\xe6\xb5\x99\xe6\xb1\x9f', 67.23, 72505.74, 72514.74, 404270.5, 383862.84, 996.82, 1580.56, 0.02, 0.068, 2.27, 4.02, 19990415)  ... displaying 10 of 2953 total bound parameter sets ...  ('000033', '*ST\xe6\x96\xb0\xe9\x83\xbd', '\xe9\x85\x92\xe5\xba\x97\xe9\xa4\x90\xe9\xa5\xae', '\xe6\xb7\xb1\xe5\x9c\xb3', 0.0, 42972.0, 42972.0, 33915.26, 33839.48, 11.04, 13189.9, 0.31, 0.005, 0.03, 0.0, 19940103), ('603887', '\xe5\x9f\x8e\xe5\x9c\xb0\xe8\x82\xa1\xe4\xbb\xbd', '\xe5\xbb\xba\xe7\xad\x91\xe6\x96\xbd\xe5\xb7\xa5', '\xe4\xb8\x8a\xe6\xb5\xb7', 0.0, 0.0, 0.0, 74930.96, 65451.88, 6307.37, 9337.95, 0.0, 0.0, 0.0, 0.0, 0))
INFO:sqlalchemy.engine.base.Engine:COMMIT
INFO:sqlalchemy.engine.base.Engine:SHOW VARIABLES LIKE 'sql_mode'
INFO:sqlalchemy.engine.base.Engine:()
INFO:sqlalchemy.engine.base.Engine:SELECT DATABASE()
INFO:sqlalchemy.engine.base.Engine:()
INFO:sqlalchemy.engine.base.Engine:show collation where `Charset` = 'utf8' and `Collation` = 'utf8_bin'
INFO:sqlalchemy.engine.base.Engine:()
INFO:sqlalchemy.engine.base.Engine:SELECT CAST('test plain returns' AS CHAR(60)) AS anon_1
INFO:sqlalchemy.engine.base.Engine:()
INFO:sqlalchemy.engine.base.Engine:SELECT CAST('test unicode returns' AS CHAR(60)) AS anon_1
INFO:sqlalchemy.engine.base.Engine:()
INFO:sqlalchemy.engine.base.Engine:SELECT CAST('test collated returns' AS CHAR CHARACTER SET utf8) COLLATE utf8_bin AS anon_1
INFO:sqlalchemy.engine.base.Engine:()
INFO:sqlalchemy.engine.base.Engine:DESCRIBE `stock_basics`
INFO:sqlalchemy.engine.base.Engine:()
INFO:sqlalchemy.engine.base.Engine:ROLLBACK
INFO:sqlalchemy.engine.base.Engine:
CREATE TABLE stock_basics (
	code NATIONAL VARCHAR(6), 
	name TEXT, 
	industry TEXT, 
	area TEXT, 
	pe FLOAT(53), 
	outstanding FLOAT(53), 
	totals FLOAT(53), 
	`totalAssets` FLOAT(53), 
	`liquidAssets` FLOAT(53), 
	`fixedAssets` FLOAT(53), 
	reserved FLOAT(53), 
	`reservedPerShare` FLOAT(53), 
	esp FLOAT(53), 
	bvps FLOAT(53), 
	pb FLOAT(53), 
	`timeToMarket` BIGINT
)


INFO:sqlalchemy.engine.base.Engine:()
INFO:sqlalchemy.engine.base.Engine:COMMIT
INFO:sqlalchemy.engine.base.Engine:CREATE INDEX ix_stock_basics_code ON stock_basics (code)
INFO:sqlalchemy.engine.base.Engine:()
INFO:sqlalchemy.engine.base.Engine:COMMIT
INFO:sqlalchemy.engine.base.Engine:BEGIN (implicit)
INFO:sqlalchemy.engine.base.Engine:INSERT INTO stock_basics (code, name, industry, area, pe, outstanding, totals, `totalAssets`, `liquidAssets`, `fixedAssets`, reserved, `reservedPerShare`, esp, bvps, pb, `timeToMarket`) VALUES (%s, %s, %s, %s, %s, %s, %s, %s, %s, %s, %s, %s, %s, %s, %s, %s)
INFO:sqlalchemy.engine.base.Engine:(('300547', 'N\xe5\xb7\x9d\xe7\x8e\xaf', '\xe6\xa9\xa1\xe8\x83\xb6', '\xe5\x9b\x9b\xe5\xb7\x9d', 26.26, 1495.0, 5977.91, 52754.48, 37607.68, 11992.28, 3170.0, 0.53, 0.605, 7.12, 4.46, 20160930), ('300549', 'N\xe4\xbc\x98\xe5\xbe\xb7', '\xe4\xb8\x93\xe7\x94\xa8\xe6\x9c\xba\xe6\xa2\xb0', '\xe6\xb1\x9f\xe8\x8b\x8f', 36.34, 1667.0, 6667.0, 37171.9, 25088.67, 9150.82, 3910.71, 0.59, 0.298, 3.73, 5.8, 20160930), ('601128', 'N\xe5\xb8\xb8\xe9\x93\xb6', '\xe9\x93\xb6\xe8\xa1\x8c', '\xe6\xb1\x9f\xe8\x8b\x8f', 12.97, 22227.27, 222272.8, 12238343.0, 0.0, 84182.49, 501.27, 0.0, 0.237, 4.28, 1.44, 20160930), ('600397', '\xe5\xae\x89\xe6\xba\x90\xe7\x85\xa4\xe4\xb8\x9a', '\xe7\x85\xa4\xe7\x82\xad\xe5\xbc\x80\xe9\x87\x87', '\xe6\xb1\x9f\xe8\xa5\xbf', 0.0, 98995.97, 98995.97, 976967.81, 460136.34, 319360.28, 184983.36, 1.87, -0.256, 3.3, 1.56, 20020702), ('000731', '\xe5\x9b\x9b\xe5\xb7\x9d\xe7\xbe\x8e\xe4\xb8\xb0', '\xe5\x86\x9c\xe8\x8d\xaf\xe5\x8c\x96\xe8\x82\xa5', '\xe5\x9b\x9b\xe5\xb7\x9d', 0.0, 59148.42, 59148.42, 469451.44, 148459.17, 229945.7, 64085.73, 1.08, -0.076, 4.51, 1.94, 19970617), ('000757', '\xe6\xb5\xa9\xe7\x89\xa9\xe8\x82\xa1\xe4\xbb\xbd', '\xe6\xb1\xbd\xe8\xbd\xa6\xe9\x85\x8d\xe4\xbb\xb6', '\xe5\x9b\x9b\xe5\xb7\x9d', 130.76, 36633.03, 45162.12, 86941.81, 42748.85, 18001.15, 83475.13, 1.85, 0.037000000000000005, 1.25, 7.72, 19970627), ('300308', '\xe4\xb8\xad\xe9\x99\x85\xe8\xa3\x85\xe5\xa4\x87', '\xe5\xb7\xa5\xe7\xa8\x8b\xe6\x9c\xba\xe6\xa2\xb0', '\xe5\xb1\xb1\xe4\xb8\x9c', 275.82, 21454.58, 21601.08, 62941.36, 29182.64, 18715.67, 23233.75, 1.08, 0.025, 2.56, 5.31, 20120410), ('600173', '\xe5\x8d\xa7\xe9\xbe\x99\xe5\x9c\xb0\xe4\xba\xa7', '\xe5\x85\xa8\xe5\x9b\xbd\xe5\x9c\xb0\xe4\xba\xa7', '\xe6\xb5\x99\xe6\xb1\x9f', 67.23, 72505.74, 72514.74, 404270.5, 383862.84, 996.82, 1580.56, 0.02, 0.068, 2.27, 4.02, 19990415)  ... displaying 10 of 2953 total bound parameter sets ...  ('000033', '*ST\xe6\x96\xb0\xe9\x83\xbd', '\xe9\x85\x92\xe5\xba\x97\xe9\xa4\x90\xe9\xa5\xae', '\xe6\xb7\xb1\xe5\x9c\xb3', 0.0, 42972.0, 42972.0, 33915.26, 33839.48, 11.04, 13189.9, 0.31, 0.005, 0.03, 0.0, 19940103), ('603887', '\xe5\x9f\x8e\xe5\x9c\xb0\xe8\x82\xa1\xe4\xbb\xbd', '\xe5\xbb\xba\xe7\xad\x91\xe6\x96\xbd\xe5\xb7\xa5', '\xe4\xb8\x8a\xe6\xb5\xb7', 0.0, 0.0, 0.0, 74930.96, 65451.88, 6307.37, 9337.95, 0.0, 0.0, 0.0, 0.0, 0))
INFO:sqlalchemy.engine.base.Engine:COMMIT
INFO:sqlalchemy.engine.base.Engine:SHOW VARIABLES LIKE 'sql_mode'
INFO:sqlalchemy.engine.base.Engine:()
INFO:sqlalchemy.engine.base.Engine:SELECT DATABASE()
INFO:sqlalchemy.engine.base.Engine:()
INFO:sqlalchemy.engine.base.Engine:show collation where `Charset` = 'utf8' and `Collation` = 'utf8_bin'
INFO:sqlalchemy.engine.base.Engine:()
INFO:sqlalchemy.engine.base.Engine:SELECT CAST('test plain returns' AS CHAR(60)) AS anon_1
INFO:sqlalchemy.engine.base.Engine:()
INFO:sqlalchemy.engine.base.Engine:SELECT CAST('test unicode returns' AS CHAR(60)) AS anon_1
INFO:sqlalchemy.engine.base.Engine:()
INFO:sqlalchemy.engine.base.Engine:SELECT CAST('test collated returns' AS CHAR CHARACTER SET utf8) COLLATE utf8_bin AS anon_1
INFO:sqlalchemy.engine.base.Engine:()
INFO:sqlalchemy.engine.base.Engine:DESCRIBE `stock_report_data`
INFO:sqlalchemy.engine.base.Engine:()
INFO:sqlalchemy.engine.base.Engine:BEGIN (implicit)
INFO:sqlalchemy.engine.base.Engine:INSERT INTO stock_report_data (date, code, name, eps, eps_yoy, bvps, roe, epcf, net_profits, profits_yoy, distrib, report_date) VALUES (%s, %s, %s, %s, %s, %s, %s, %s, %s, %s, %s, %s)
INFO:sqlalchemy.engine.base.Engine:(('2016-6-30', '600908', u'\u65e0\u9521\u94f6\u884c', 0.28, 7.69, None, 6.36, None, 47263.16, 10.5, None, '09-22'), ('2016-6-30', '300547', u'\u5ddd\u73af\u79d1\u6280', 0.81, 6.58, 7.12, 12.02, 0.51, 3617.95, 5.73, None, '09-19'), ('2016-6-30', '300549', u'\u4f18\u5fb7\u7cbe\u5bc6', 0.4, None, 3.73, 11.24, 0.51, 1985.26, 7.85, None, '09-14'), ('2016-6-30', '300546', u'\u96c4\u5e1d\u79d1\u6280', 0.48, -18.64, 7.46, 6.67, -0.94, 1925.99, -18.51, None, '09-13'), ('2016-6-30', '300545', u'\u8054\u5f97\u88c5\u5907', 0.3, None, 4.4, 6.96, -0.14, 1584.51, None, None, '09-12'), ('2016-6-30', '603738', u'\u6cf0\u6676\u79d1\u6280', 0.5, None, 5.51, 9.22, 1.72, 2476.49, None, None, '09-12'), ('2016-6-30', '603843', u'\u6b63\u5e73\u80a1\u4efd', 0.08, -2.38, 2.4, 3.3, -1.37, 2343.49, -2.33, None, '09-02'), ('2016-6-30', '002807', u'\u6c5f\u9634\u94f6\u884c', 0.23, -5.26, 4.85, 4.89, None, 36174.79, -5.28, None, '09-01')  ... displaying 10 of 2933 total bound parameter sets ...  ('2016-6-30', '300364', u'\u4e2d\u6587\u5728\u7ebf', 0.03, -45.67, 2.55, 1.45, 0.13, 783.03, 12.46, None, '07-11'), ('2016-6-30', '300520', u'\u79d1\u5927\u56fd\u521b', 0.14, 27.27, 3.99, 3.64, -1.33, 982.95, 30.7, None, '07-07'))
INFO:sqlalchemy.engine.base.Engine:ROLLBACK
INFO:sqlalchemy.engine.base.Engine:DESCRIBE `stock_report_data`
INFO:sqlalchemy.engine.base.Engine:()
INFO:sqlalchemy.engine.base.Engine:BEGIN (implicit)
INFO:sqlalchemy.engine.base.Engine:INSERT INTO stock_report_data (date, code, name, eps, eps_yoy, bvps, roe, epcf, net_profits, profits_yoy, distrib, report_date) VALUES (%s, %s, %s, %s, %s, %s, %s, %s, %s, %s, %s, %s)
INFO:sqlalchemy.engine.base.Engine:(('2016-6-30', '600908', u'\u65e0\u9521\u94f6\u884c', 0.28, 7.69, None, 6.36, None, 47263.16, 10.5, None, '09-22'), ('2016-6-30', '300547', u'\u5ddd\u73af\u79d1\u6280', 0.81, 6.58, 7.12, 12.02, 0.51, 3617.95, 5.73, None, '09-19'), ('2016-6-30', '300549', u'\u4f18\u5fb7\u7cbe\u5bc6', 0.4, None, 3.73, 11.24, 0.51, 1985.26, 7.85, None, '09-14'), ('2016-6-30', '300546', u'\u96c4\u5e1d\u79d1\u6280', 0.48, -18.64, 7.46, 6.67, -0.94, 1925.99, -18.51, None, '09-13'), ('2016-6-30', '300545', u'\u8054\u5f97\u88c5\u5907', 0.3, None, 4.4, 6.96, -0.14, 1584.51, None, None, '09-12'), ('2016-6-30', '603738', u'\u6cf0\u6676\u79d1\u6280', 0.5, None, 5.51, 9.22, 1.72, 2476.49, None, None, '09-12'), ('2016-6-30', '603843', u'\u6b63\u5e73\u80a1\u4efd', 0.08, -2.38, 2.4, 3.3, -1.37, 2343.49, -2.33, None, '09-02'), ('2016-6-30', '002807', u'\u6c5f\u9634\u94f6\u884c', 0.23, -5.26, 4.85, 4.89, None, 36174.79, -5.28, None, '09-01')  ... displaying 10 of 2933 total bound parameter sets ...  ('2016-6-30', '300364', u'\u4e2d\u6587\u5728\u7ebf', 0.03, -45.67, 2.55, 1.45, 0.13, 783.03, 12.46, None, '07-11'), ('2016-6-30', '300520', u'\u79d1\u5927\u56fd\u521b', 0.14, 27.27, 3.99, 3.64, -1.33, 982.95, 30.7, None, '07-07'))
INFO:sqlalchemy.engine.base.Engine:ROLLBACK
INFO:sqlalchemy.engine.base.Engine:DESCRIBE `stock_report_data`
INFO:sqlalchemy.engine.base.Engine:()
INFO:sqlalchemy.engine.base.Engine:BEGIN (implicit)
INFO:sqlalchemy.engine.base.Engine:INSERT INTO stock_report_data (date, code, name, eps, eps_yoy, bvps, roe, epcf, net_profits, profits_yoy, distrib, report_date) VALUES (%s, %s, %s, %s, %s, %s, %s, %s, %s, %s, %s, %s)
INFO:sqlalchemy.engine.base.Engine:(('2016-6-30', '600908', u'\u65e0\u9521\u94f6\u884c', 0.28, 7.69, None, 6.36, None, 47263.16, 10.5, None, '09-22'), ('2016-6-30', '300547', u'\u5ddd\u73af\u79d1\u6280', 0.81, 6.58, 7.12, 12.02, 0.51, 3617.95, 5.73, None, '09-19'), ('2016-6-30', '300549', u'\u4f18\u5fb7\u7cbe\u5bc6', 0.4, None, 3.73, 11.24, 0.51, 1985.26, 7.85, None, '09-14'), ('2016-6-30', '300546', u'\u96c4\u5e1d\u79d1\u6280', 0.48, -18.64, 7.46, 6.67, -0.94, 1925.99, -18.51, None, '09-13'), ('2016-6-30', '300545', u'\u8054\u5f97\u88c5\u5907', 0.3, None, 4.4, 6.96, -0.14, 1584.51, None, None, '09-12'), ('2016-6-30', '603738', u'\u6cf0\u6676\u79d1\u6280', 0.5, None, 5.51, 9.22, 1.72, 2476.49, None, None, '09-12'), ('2016-6-30', '603843', u'\u6b63\u5e73\u80a1\u4efd', 0.08, -2.38, 2.4, 3.3, -1.37, 2343.49, -2.33, None, '09-02'), ('2016-6-30', '002807', u'\u6c5f\u9634\u94f6\u884c', 0.23, -5.26, 4.85, 4.89, None, 36174.79, -5.28, None, '09-01')  ... displaying 10 of 2933 total bound parameter sets ...  ('2016-6-30', '300364', u'\u4e2d\u6587\u5728\u7ebf', 0.03, -45.67, 2.55, 1.45, 0.13, 783.03, 12.46, None, '07-11'), ('2016-6-30', '300520', u'\u79d1\u5927\u56fd\u521b', 0.14, 27.27, 3.99, 3.64, -1.33, 982.95, 30.7, None, '07-07'))
INFO:sqlalchemy.engine.base.Engine:ROLLBACK
INFO:sqlalchemy.engine.base.Engine:DESCRIBE `stock_report_data`
INFO:sqlalchemy.engine.base.Engine:()
INFO:sqlalchemy.engine.base.Engine:BEGIN (implicit)
INFO:sqlalchemy.engine.base.Engine:INSERT INTO stock_report_data (date, code, name, eps, eps_yoy, bvps, roe, epcf, net_profits, profits_yoy, distrib, report_date) VALUES (%s, %s, %s, %s, %s, %s, %s, %s, %s, %s, %s, %s)
INFO:sqlalchemy.engine.base.Engine:(('2016-6-30', '600908', u'\u65e0\u9521\u94f6\u884c', 0.28, 7.69, None, 6.36, None, 47263.16, 10.5, None, '09-22'), ('2016-6-30', '300547', u'\u5ddd\u73af\u79d1\u6280', 0.81, 6.58, 7.12, 12.02, 0.51, 3617.95, 5.73, None, '09-19'), ('2016-6-30', '300549', u'\u4f18\u5fb7\u7cbe\u5bc6', 0.4, None, 3.73, 11.24, 0.51, 1985.26, 7.85, None, '09-14'), ('2016-6-30', '300546', u'\u96c4\u5e1d\u79d1\u6280', 0.48, -18.64, 7.46, 6.67, -0.94, 1925.99, -18.51, None, '09-13'), ('2016-6-30', '300545', u'\u8054\u5f97\u88c5\u5907', 0.3, None, 4.4, 6.96, -0.14, 1584.51, None, None, '09-12'), ('2016-6-30', '603738', u'\u6cf0\u6676\u79d1\u6280', 0.5, None, 5.51, 9.22, 1.72, 2476.49, None, None, '09-12'), ('2016-6-30', '603843', u'\u6b63\u5e73\u80a1\u4efd', 0.08, -2.38, 2.4, 3.3, -1.37, 2343.49, -2.33, None, '09-02'), ('2016-6-30', '002807', u'\u6c5f\u9634\u94f6\u884c', 0.23, -5.26, 4.85, 4.89, None, 36174.79, -5.28, None, '09-01')  ... displaying 10 of 2933 total bound parameter sets ...  ('2016-6-30', '300364', u'\u4e2d\u6587\u5728\u7ebf', 0.03, -45.67, 2.55, 1.45, 0.13, 783.03, 12.46, None, '07-11'), ('2016-6-30', '300520', u'\u79d1\u5927\u56fd\u521b', 0.14, 27.27, 3.99, 3.64, -1.33, 982.95, 30.7, None, '07-07'))
INFO:sqlalchemy.engine.base.Engine:ROLLBACK
INFO:sqlalchemy.engine.base.Engine:DESCRIBE `stock_report_data`
INFO:sqlalchemy.engine.base.Engine:()
INFO:sqlalchemy.engine.base.Engine:BEGIN (implicit)
INFO:sqlalchemy.engine.base.Engine:INSERT INTO stock_report_data (date, code, name, eps, eps_yoy, bvps, roe, epcf, net_profits, profits_yoy, distrib, report_date) VALUES (%s, %s, %s, %s, %s, %s, %s, %s, %s, %s, %s, %s)
INFO:sqlalchemy.engine.base.Engine:(('2016-6-30', '600908', u'\u65e0\u9521\u94f6\u884c', 0.28, 7.69, None, 6.36, None, 47263.16, 10.5, None, '09-22'), ('2016-6-30', '300547', u'\u5ddd\u73af\u79d1\u6280', 0.81, 6.58, 7.12, 12.02, 0.51, 3617.95, 5.73, None, '09-19'), ('2016-6-30', '300549', u'\u4f18\u5fb7\u7cbe\u5bc6', 0.4, None, 3.73, 11.24, 0.51, 1985.26, 7.85, None, '09-14'), ('2016-6-30', '300546', u'\u96c4\u5e1d\u79d1\u6280', 0.48, -18.64, 7.46, 6.67, -0.94, 1925.99, -18.51, None, '09-13'), ('2016-6-30', '300545', u'\u8054\u5f97\u88c5\u5907', 0.3, None, 4.4, 6.96, -0.14, 1584.51, None, None, '09-12'), ('2016-6-30', '603738', u'\u6cf0\u6676\u79d1\u6280', 0.5, None, 5.51, 9.22, 1.72, 2476.49, None, None, '09-12'), ('2016-6-30', '603843', u'\u6b63\u5e73\u80a1\u4efd', 0.08, -2.38, 2.4, 3.3, -1.37, 2343.49, -2.33, None, '09-02'), ('2016-6-30', '002807', u'\u6c5f\u9634\u94f6\u884c', 0.23, -5.26, 4.85, 4.89, None, 36174.79, -5.28, None, '09-01')  ... displaying 10 of 2933 total bound parameter sets ...  ('2016-6-30', '300364', u'\u4e2d\u6587\u5728\u7ebf', 0.03, -45.67, 2.55, 1.45, 0.13, 783.03, 12.46, None, '07-11'), ('2016-6-30', '300520', u'\u79d1\u5927\u56fd\u521b', 0.14, 27.27, 3.99, 3.64, -1.33, 982.95, 30.7, None, '07-07'))
INFO:sqlalchemy.engine.base.Engine:ROLLBACK
INFO:sqlalchemy.engine.base.Engine:DESCRIBE `stock_report_data`
INFO:sqlalchemy.engine.base.Engine:()
INFO:sqlalchemy.engine.base.Engine:BEGIN (implicit)
INFO:sqlalchemy.engine.base.Engine:INSERT INTO stock_report_data (date, code, name, eps, eps_yoy, bvps, roe, epcf, net_profits, profits_yoy, distrib, report_date) VALUES (%s, %s, %s, %s, %s, %s, %s, %s, %s, %s, %s, %s)
INFO:sqlalchemy.engine.base.Engine:(('2016-6-30', '600908', u'\u65e0\u9521\u94f6\u884c', 0.28, 7.69, None, 6.36, None, 47263.16, 10.5, None, '09-22'), ('2016-6-30', '300547', u'\u5ddd\u73af\u79d1\u6280', 0.81, 6.58, 7.12, 12.02, 0.51, 3617.95, 5.73, None, '09-19'), ('2016-6-30', '300549', u'\u4f18\u5fb7\u7cbe\u5bc6', 0.4, None, 3.73, 11.24, 0.51, 1985.26, 7.85, None, '09-14'), ('2016-6-30', '300546', u'\u96c4\u5e1d\u79d1\u6280', 0.48, -18.64, 7.46, 6.67, -0.94, 1925.99, -18.51, None, '09-13'), ('2016-6-30', '300545', u'\u8054\u5f97\u88c5\u5907', 0.3, None, 4.4, 6.96, -0.14, 1584.51, None, None, '09-12'), ('2016-6-30', '603738', u'\u6cf0\u6676\u79d1\u6280', 0.5, None, 5.51, 9.22, 1.72, 2476.49, None, None, '09-12'), ('2016-6-30', '603843', u'\u6b63\u5e73\u80a1\u4efd', 0.08, -2.38, 2.4, 3.3, -1.37, 2343.49, -2.33, None, '09-02'), ('2016-6-30', '002807', u'\u6c5f\u9634\u94f6\u884c', 0.23, -5.26, 4.85, 4.89, None, 36174.79, -5.28, None, '09-01')  ... displaying 10 of 2383 total bound parameter sets ...  ('2016-6-30', '300364', u'\u4e2d\u6587\u5728\u7ebf', 0.03, -45.67, 2.55, 1.45, 0.13, 783.03, 12.46, None, '07-11'), ('2016-6-30', '300520', u'\u79d1\u5927\u56fd\u521b', 0.14, 27.27, 3.99, 3.64, -1.33, 982.95, 30.7, None, '07-07'))
INFO:sqlalchemy.engine.base.Engine:COMMIT
INFO:sqlalchemy.engine.base.Engine:DESCRIBE `stock_report_data`
INFO:sqlalchemy.engine.base.Engine:()
INFO:sqlalchemy.engine.base.Engine:BEGIN (implicit)
INFO:sqlalchemy.engine.base.Engine:INSERT INTO stock_report_data (date, code, name, eps, eps_yoy, bvps, roe, epcf, net_profits, profits_yoy, distrib, report_date) VALUES (%s, %s, %s, %s, %s, %s, %s, %s, %s, %s, %s, %s)
INFO:sqlalchemy.engine.base.Engine:(('2016-6-30', '600908', u'\u65e0\u9521\u94f6\u884c', 0.28, 7.69, None, 6.36, None, 47263.16, 10.5, None, '09-22'), ('2016-6-30', '300547', u'\u5ddd\u73af\u79d1\u6280', 0.81, 6.58, 7.12, 12.02, 0.51, 3617.95, 5.73, None, '09-19'), ('2016-6-30', '300549', u'\u4f18\u5fb7\u7cbe\u5bc6', 0.4, None, 3.73, 11.24, 0.51, 1985.26, 7.85, None, '09-14'), ('2016-6-30', '300546', u'\u96c4\u5e1d\u79d1\u6280', 0.48, -18.64, 7.46, 6.67, -0.94, 1925.99, -18.51, None, '09-13'), ('2016-6-30', '300545', u'\u8054\u5f97\u88c5\u5907', 0.3, None, 4.4, 6.96, -0.14, 1584.51, None, None, '09-12'), ('2016-6-30', '603738', u'\u6cf0\u6676\u79d1\u6280', 0.5, None, 5.51, 9.22, 1.72, 2476.49, None, None, '09-12'), ('2016-6-30', '603843', u'\u6b63\u5e73\u80a1\u4efd', 0.08, -2.38, 2.4, 3.3, -1.37, 2343.49, -2.33, None, '09-02'), ('2016-6-30', '002807', u'\u6c5f\u9634\u94f6\u884c', 0.23, -5.26, 4.85, 4.89, None, 36174.79, -5.28, None, '09-01')  ... displaying 10 of 2241 total bound parameter sets ...  ('2016-6-30', '300364', u'\u4e2d\u6587\u5728\u7ebf', 0.03, -45.67, 2.55, 1.45, 0.13, 783.03, 12.46, None, '07-11'), ('2016-6-30', '300520', u'\u79d1\u5927\u56fd\u521b', 0.14, 27.27, 3.99, 3.64, -1.33, 982.95, 30.7, None, '07-07'))
INFO:sqlalchemy.engine.base.Engine:COMMIT
INFO:sqlalchemy.engine.base.Engine:DESCRIBE `stock_report_data`
INFO:sqlalchemy.engine.base.Engine:()
INFO:sqlalchemy.engine.base.Engine:BEGIN (implicit)
INFO:sqlalchemy.engine.base.Engine:INSERT INTO stock_report_data (date, code, name, eps, eps_yoy, bvps, roe, epcf, net_profits, profits_yoy, distrib, report_date) VALUES (%s, %s, %s, %s, %s, %s, %s, %s, %s, %s, %s, %s)
INFO:sqlalchemy.engine.base.Engine:(('2016-6-30', '600908', u'\u65e0\u9521\u94f6\u884c', 0.28, 7.69, None, 6.36, None, 47263.16, 10.5, None, '09-22'), ('2016-6-30', '300547', u'\u5ddd\u73af\u79d1\u6280', 0.81, 6.58, 7.12, 12.02, 0.51, 3617.95, 5.73, None, '09-19'), ('2016-6-30', '300549', u'\u4f18\u5fb7\u7cbe\u5bc6', 0.4, None, 3.73, 11.24, 0.51, 1985.26, 7.85, None, '09-14'), ('2016-6-30', '300546', u'\u96c4\u5e1d\u79d1\u6280', 0.48, -18.64, 7.46, 6.67, -0.94, 1925.99, -18.51, None, '09-13'), ('2016-6-30', '300545', u'\u8054\u5f97\u88c5\u5907', 0.3, None, 4.4, 6.96, -0.14, 1584.51, None, None, '09-12'), ('2016-6-30', '603738', u'\u6cf0\u6676\u79d1\u6280', 0.5, None, 5.51, 9.22, 1.72, 2476.49, None, None, '09-12'), ('2016-6-30', '603843', u'\u6b63\u5e73\u80a1\u4efd', 0.08, -2.38, 2.4, 3.3, -1.37, 2343.49, -2.33, None, '09-02'), ('2016-6-30', '002807', u'\u6c5f\u9634\u94f6\u884c', 0.23, -5.26, 4.85, 4.89, None, 36174.79, -5.28, None, '09-01')  ... displaying 10 of 2027 total bound parameter sets ...  ('2016-6-30', '300364', u'\u4e2d\u6587\u5728\u7ebf', 0.03, -45.67, 2.55, 1.45, 0.13, 783.03, 12.46, None, '07-11'), ('2016-6-30', '300520', u'\u79d1\u5927\u56fd\u521b', 0.14, 27.27, 3.99, 3.64, -1.33, 982.95, 30.7, None, '07-07'))
INFO:sqlalchemy.engine.base.Engine:COMMIT
INFO:sqlalchemy.engine.base.Engine:DESCRIBE `stock_report_data`
INFO:sqlalchemy.engine.base.Engine:()
INFO:sqlalchemy.engine.base.Engine:BEGIN (implicit)
INFO:sqlalchemy.engine.base.Engine:INSERT INTO stock_report_data (date, code, name, eps, eps_yoy, bvps, roe, epcf, net_profits, profits_yoy, distrib, report_date) VALUES (%s, %s, %s, %s, %s, %s, %s, %s, %s, %s, %s, %s)
INFO:sqlalchemy.engine.base.Engine:(('2016-6-30', '600908', u'\u65e0\u9521\u94f6\u884c', 0.28, 7.69, None, 6.36, None, 47263.16, 10.5, None, '09-22'), ('2016-6-30', '300547', u'\u5ddd\u73af\u79d1\u6280', 0.81, 6.58, 7.12, 12.02, 0.51, 3617.95, 5.73, None, '09-19'), ('2016-6-30', '300549', u'\u4f18\u5fb7\u7cbe\u5bc6', 0.4, None, 3.73, 11.24, 0.51, 1985.26, 7.85, None, '09-14'), ('2016-6-30', '300546', u'\u96c4\u5e1d\u79d1\u6280', 0.48, -18.64, 7.46, 6.67, -0.94, 1925.99, -18.51, None, '09-13'), ('2016-6-30', '300545', u'\u8054\u5f97\u88c5\u5907', 0.3, None, 4.4, 6.96, -0.14, 1584.51, None, None, '09-12'), ('2016-6-30', '603738', u'\u6cf0\u6676\u79d1\u6280', 0.5, None, 5.51, 9.22, 1.72, 2476.49, None, None, '09-12'), ('2016-6-30', '603843', u'\u6b63\u5e73\u80a1\u4efd', 0.08, -2.38, 2.4, 3.3, -1.37, 2343.49, -2.33, None, '09-02'), ('2016-6-30', '002807', u'\u6c5f\u9634\u94f6\u884c', 0.23, -5.26, 4.85, 4.89, None, 36174.79, -5.28, None, '09-01')  ... displaying 10 of 2238 total bound parameter sets ...  ('2016-6-30', '300364', u'\u4e2d\u6587\u5728\u7ebf', 0.03, -45.67, 2.55, 1.45, 0.13, 783.03, 12.46, None, '07-11'), ('2016-6-30', '300520', u'\u79d1\u5927\u56fd\u521b', 0.14, 27.27, 3.99, 3.64, -1.33, 982.95, 30.7, None, '07-07'))
INFO:sqlalchemy.engine.base.Engine:ROLLBACK
INFO:sqlalchemy.engine.base.Engine:DESCRIBE `stock_report_data`
INFO:sqlalchemy.engine.base.Engine:()
INFO:sqlalchemy.engine.base.Engine:BEGIN (implicit)
INFO:sqlalchemy.engine.base.Engine:INSERT INTO stock_report_data (date, code, name, eps, eps_yoy, bvps, roe, epcf, net_profits, profits_yoy, distrib, report_date) VALUES (%s, %s, %s, %s, %s, %s, %s, %s, %s, %s, %s, %s)
INFO:sqlalchemy.engine.base.Engine:(('2016-6-30', '600908', u'\u65e0\u9521\u94f6\u884c', 0.28, 7.69, None, 6.36, None, 47263.16, 10.5, None, '09-22'), ('2016-6-30', '300547', u'\u5ddd\u73af\u79d1\u6280', 0.81, 6.58, 7.12, 12.02, 0.51, 3617.95, 5.73, None, '09-19'), ('2016-6-30', '300549', u'\u4f18\u5fb7\u7cbe\u5bc6', 0.4, None, 3.73, 11.24, 0.51, 1985.26, 7.85, None, '09-14'), ('2016-6-30', '300546', u'\u96c4\u5e1d\u79d1\u6280', 0.48, -18.64, 7.46, 6.67, -0.94, 1925.99, -18.51, None, '09-13'), ('2016-6-30', '300545', u'\u8054\u5f97\u88c5\u5907', 0.3, None, 4.4, 6.96, -0.14, 1584.51, None, None, '09-12'), ('2016-6-30', '603738', u'\u6cf0\u6676\u79d1\u6280', 0.5, None, 5.51, 9.22, 1.72, 2476.49, None, None, '09-12'), ('2016-6-30', '603843', u'\u6b63\u5e73\u80a1\u4efd', 0.08, -2.38, 2.4, 3.3, -1.37, 2343.49, -2.33, None, '09-02'), ('2016-6-30', '002807', u'\u6c5f\u9634\u94f6\u884c', 0.23, -5.26, 4.85, 4.89, None, 36174.79, -5.28, None, '09-01')  ... displaying 10 of 2320 total bound parameter sets ...  ('2016-6-30', '300364', u'\u4e2d\u6587\u5728\u7ebf', 0.03, -45.67, 2.55, 1.45, 0.13, 783.03, 12.46, None, '07-11'), ('2016-6-30', '300520', u'\u79d1\u5927\u56fd\u521b', 0.14, 27.27, 3.99, 3.64, -1.33, 982.95, 30.7, None, '07-07'))
INFO:sqlalchemy.engine.base.Engine:COMMIT
INFO:sqlalchemy.engine.base.Engine:DESCRIBE `stock_report_data`
INFO:sqlalchemy.engine.base.Engine:()
INFO:sqlalchemy.engine.base.Engine:BEGIN (implicit)
INFO:sqlalchemy.engine.base.Engine:INSERT INTO stock_report_data (date, code, name, eps, eps_yoy, bvps, roe, epcf, net_profits, profits_yoy, distrib, report_date) VALUES (%s, %s, %s, %s, %s, %s, %s, %s, %s, %s, %s, %s)
INFO:sqlalchemy.engine.base.Engine:(('2016-6-30', '600908', u'\u65e0\u9521\u94f6\u884c', 0.28, 7.69, None, 6.36, None, 47263.16, 10.5, None, '09-22'), ('2016-6-30', '300547', u'\u5ddd\u73af\u79d1\u6280', 0.81, 6.58, 7.12, 12.02, 0.51, 3617.95, 5.73, None, '09-19'), ('2016-6-30', '300549', u'\u4f18\u5fb7\u7cbe\u5bc6', 0.4, None, 3.73, 11.24, 0.51, 1985.26, 7.85, None, '09-14'), ('2016-6-30', '300546', u'\u96c4\u5e1d\u79d1\u6280', 0.48, -18.64, 7.46, 6.67, -0.94, 1925.99, -18.51, None, '09-13'), ('2016-6-30', '300545', u'\u8054\u5f97\u88c5\u5907', 0.3, None, 4.4, 6.96, -0.14, 1584.51, None, None, '09-12'), ('2016-6-30', '603738', u'\u6cf0\u6676\u79d1\u6280', 0.5, None, 5.51, 9.22, 1.72, 2476.49, None, None, '09-12'), ('2016-6-30', '603843', u'\u6b63\u5e73\u80a1\u4efd', 0.08, -2.38, 2.4, 3.3, -1.37, 2343.49, -2.33, None, '09-02'), ('2016-6-30', '002807', u'\u6c5f\u9634\u94f6\u884c', 0.23, -5.26, 4.85, 4.89, None, 36174.79, -5.28, None, '09-01')  ... displaying 10 of 2169 total bound parameter sets ...  ('2016-6-30', '300364', u'\u4e2d\u6587\u5728\u7ebf', 0.03, -45.67, 2.55, 1.45, 0.13, 783.03, 12.46, None, '07-11'), ('2016-6-30', '300520', u'\u79d1\u5927\u56fd\u521b', 0.14, 27.27, 3.99, 3.64, -1.33, 982.95, 30.7, None, '07-07'))
INFO:sqlalchemy.engine.base.Engine:COMMIT
INFO:sqlalchemy.engine.base.Engine:DESCRIBE `stock_forecast_data`
INFO:sqlalchemy.engine.base.Engine:()
INFO:sqlalchemy.engine.base.Engine:BEGIN (implicit)
INFO:sqlalchemy.engine.base.Engine:INSERT INTO stock_forecast_data (date, code, forecast_type, report_date, pre_eps, min_range, max_range) VALUES (%s, %s, %s, %s, %s, %s, %s)
INFO:sqlalchemy.engine.base.Engine:(('2016-9-30', '600522', u'\u9884\u589e', '2016-10-11', 0.636, 60.0, 80.0), ('2016-9-30', '600338', u'\u9884\u589e', '2016-10-11', 0.34, 77.0, 100.0), ('2016-9-30', '600152', u'\u9884\u4e8f', '2016-10-11', 0.0655, 0.0, 0.0), ('2016-9-30', '000797', u'\u9884\u51cf', '2016-10-11', 0.18, -100.0, -80.0), ('2016-9-30', '002697', u'\u9884\u5347', '2016-10-11', 0.11, -13.0, 3.0), ('2016-9-30', '000565', u'\u9884\u51cf', '2016-10-11', 0.37799999999999995, -68.31, -66.49), ('2016-9-30', '000752', u'\u9884\u51cf', '2016-10-11', 0.0548, -90.0, -70.0), ('2016-9-30', '000936', u'\u9884\u589e', '2016-10-11', 0.085, 670.0, 720.0)  ... displaying 10 of 663 total bound parameter sets ...  ('2016-9-30', '002329', u'\u9884\u589e', '2016-08-23', 0.0948, 50.0, 80.0), ('2016-9-30', '300023', u'\u9884\u589e', '2016-08-23', 0.02, 0.0, 0.0))
INFO:sqlalchemy.engine.base.Engine:ROLLBACK
INFO:sqlalchemy.engine.base.Engine:DESCRIBE `stock_forecast_data`
INFO:sqlalchemy.engine.base.Engine:()
INFO:sqlalchemy.engine.base.Engine:BEGIN (implicit)
INFO:sqlalchemy.engine.base.Engine:INSERT INTO stock_forecast_data (date, code, forecast_type, report_date, pre_eps, min_range, max_range) VALUES (%s, %s, %s, %s, %s, %s, %s)
INFO:sqlalchemy.engine.base.Engine:(('2016-9-30', '600522', u'\u9884\u589e', '2016-10-11', 0.636, 60.0, 80.0), ('2016-9-30', '600338', u'\u9884\u589e', '2016-10-11', 0.34, 77.0, 100.0), ('2016-9-30', '600152', u'\u9884\u4e8f', '2016-10-11', 0.0655, 0.0, 0.0), ('2016-9-30', '000797', u'\u9884\u51cf', '2016-10-11', 0.18, -100.0, -80.0), ('2016-9-30', '002697', u'\u9884\u5347', '2016-10-11', 0.11, -13.0, 3.0), ('2016-9-30', '000565', u'\u9884\u51cf', '2016-10-11', 0.37799999999999995, -68.31, -66.49), ('2016-9-30', '000752', u'\u9884\u51cf', '2016-10-11', 0.0548, -90.0, -70.0), ('2016-9-30', '000936', u'\u9884\u589e', '2016-10-11', 0.085, 670.0, 720.0)  ... displaying 10 of 663 total bound parameter sets ...  ('2016-9-30', '002329', u'\u9884\u589e', '2016-08-23', 0.0948, 50.0, 80.0), ('2016-9-30', '300023', u'\u9884\u589e', '2016-08-23', 0.02, 0.0, 0.0))
INFO:sqlalchemy.engine.base.Engine:ROLLBACK
INFO:sqlalchemy.engine.base.Engine:DESCRIBE `stock_forecast_data`
INFO:sqlalchemy.engine.base.Engine:()
INFO:sqlalchemy.engine.base.Engine:BEGIN (implicit)
INFO:sqlalchemy.engine.base.Engine:INSERT INTO stock_forecast_data (date, code, forecast_type, report_date, pre_eps, min_range, max_range) VALUES (%s, %s, %s, %s, %s, %s, %s)
INFO:sqlalchemy.engine.base.Engine:(('2016-9-30', '600522', u'\u9884\u589e', '2016-10-11', 0.636, 60.0, 80.0), ('2016-9-30', '600338', u'\u9884\u589e', '2016-10-11', 0.34, 77.0, 100.0), ('2016-9-30', '600152', u'\u9884\u4e8f', '2016-10-11', 0.0655, 0.0, 0.0), ('2016-9-30', '000797', u'\u9884\u51cf', '2016-10-11', 0.18, -100.0, -80.0), ('2016-9-30', '002697', u'\u9884\u5347', '2016-10-11', 0.11, -13.0, 3.0), ('2016-9-30', '000565', u'\u9884\u51cf', '2016-10-11', 0.37799999999999995, -68.31, -66.49), ('2016-9-30', '000752', u'\u9884\u51cf', '2016-10-11', 0.0548, -90.0, -70.0), ('2016-9-30', '000936', u'\u9884\u589e', '2016-10-11', 0.085, 670.0, 720.0)  ... displaying 10 of 661 total bound parameter sets ...  ('2016-9-30', '002329', u'\u9884\u589e', '2016-08-23', 0.0948, 50.0, 80.0), ('2016-9-30', '300023', u'\u9884\u589e', '2016-08-23', 0.02, 0.0, 0.0))
INFO:sqlalchemy.engine.base.Engine:ROLLBACK
INFO:sqlalchemy.engine.base.Engine:DESCRIBE `stock_forecast_data`
INFO:sqlalchemy.engine.base.Engine:()
INFO:sqlalchemy.engine.base.Engine:BEGIN (implicit)
INFO:sqlalchemy.engine.base.Engine:INSERT INTO stock_forecast_data (date, code, forecast_type, report_date, pre_eps, min_range, max_range) VALUES (%s, %s, %s, %s, %s, %s, %s)
INFO:sqlalchemy.engine.base.Engine:(('2016-9-30', '600522', u'\u9884\u589e', '2016-10-11', 0.636, 60.0, 80.0), ('2016-9-30', '600338', u'\u9884\u589e', '2016-10-11', 0.34, 77.0, 100.0), ('2016-9-30', '600152', u'\u9884\u4e8f', '2016-10-11', 0.0655, 0.0, 0.0), ('2016-9-30', '000797', u'\u9884\u51cf', '2016-10-11', 0.18, -100.0, -80.0), ('2016-9-30', '002697', u'\u9884\u5347', '2016-10-11', 0.11, -13.0, 3.0), ('2016-9-30', '000565', u'\u9884\u51cf', '2016-10-11', 0.37799999999999995, -68.31, -66.49), ('2016-9-30', '000752', u'\u9884\u51cf', '2016-10-11', 0.0548, -90.0, -70.0), ('2016-9-30', '000936', u'\u9884\u589e', '2016-10-11', 0.085, 670.0, 720.0)  ... displaying 10 of 661 total bound parameter sets ...  ('2016-9-30', '002329', u'\u9884\u589e', '2016-08-23', 0.0948, 50.0, 80.0), ('2016-9-30', '300023', u'\u9884\u589e', '2016-08-23', 0.02, 0.0, 0.0))
INFO:sqlalchemy.engine.base.Engine:ROLLBACK
INFO:sqlalchemy.engine.base.Engine:DESCRIBE `stock_forecast_data`
INFO:sqlalchemy.engine.base.Engine:()
INFO:sqlalchemy.engine.base.Engine:BEGIN (implicit)
INFO:sqlalchemy.engine.base.Engine:INSERT INTO stock_forecast_data (date, code, forecast_type, report_date, pre_eps, min_range, max_range) VALUES (%s, %s, %s, %s, %s, %s, %s)
INFO:sqlalchemy.engine.base.Engine:(('2016-9-30', '600522', u'\u9884\u589e', '2016-10-11', 0.636, 60.0, 80.0), ('2016-9-30', '600338', u'\u9884\u589e', '2016-10-11', 0.34, 77.0, 100.0), ('2016-9-30', '600152', u'\u9884\u4e8f', '2016-10-11', 0.0655, 0.0, 0.0), ('2016-9-30', '000797', u'\u9884\u51cf', '2016-10-11', 0.18, -100.0, -80.0), ('2016-9-30', '002697', u'\u9884\u5347', '2016-10-11', 0.11, -13.0, 3.0), ('2016-9-30', '000565', u'\u9884\u51cf', '2016-10-11', 0.37799999999999995, -68.31, -66.49), ('2016-9-30', '000752', u'\u9884\u51cf', '2016-10-11', 0.0548, -90.0, -70.0), ('2016-9-30', '000936', u'\u9884\u589e', '2016-10-11', 0.085, 670.0, 720.0)  ... displaying 10 of 661 total bound parameter sets ...  ('2016-9-30', '002329', u'\u9884\u589e', '2016-08-23', 0.0948, 50.0, 80.0), ('2016-9-30', '300023', u'\u9884\u589e', '2016-08-23', 0.02, 0.0, 0.0))
INFO:sqlalchemy.engine.base.Engine:ROLLBACK
INFO:sqlalchemy.engine.base.Engine:DESCRIBE `stock_forecast_data`
INFO:sqlalchemy.engine.base.Engine:()
INFO:sqlalchemy.engine.base.Engine:BEGIN (implicit)
INFO:sqlalchemy.engine.base.Engine:INSERT INTO stock_forecast_data (date, code, forecast_type, report_date, pre_eps, min_range, max_range) VALUES (%s, %s, %s, %s, %s, %s, %s)
INFO:sqlalchemy.engine.base.Engine:(('2016-9-30', '600522', u'\u9884\u589e', '2016-10-11', 0.636, 60.0, 80.0), ('2016-9-30', '600338', u'\u9884\u589e', '2016-10-11', 0.34, 77.0, 100.0), ('2016-9-30', '600152', u'\u9884\u4e8f', '2016-10-11', 0.0655, 0.0, 0.0), ('2016-9-30', '000797', u'\u9884\u51cf', '2016-10-11', 0.18, -100.0, -80.0), ('2016-9-30', '002697', u'\u9884\u5347', '2016-10-11', 0.11, -13.0, 3.0), ('2016-9-30', '000565', u'\u9884\u51cf', '2016-10-11', 0.37799999999999995, -68.31, -66.49), ('2016-9-30', '000752', u'\u9884\u51cf', '2016-10-11', 0.0548, -90.0, -70.0), ('2016-9-30', '000936', u'\u9884\u589e', '2016-10-11', 0.085, 670.0, 720.0)  ... displaying 10 of 649 total bound parameter sets ...  ('2016-9-30', '002329', u'\u9884\u589e', '2016-08-23', 0.0948, 50.0, 80.0), ('2016-9-30', '300023', u'\u9884\u589e', '2016-08-23', 0.02, 0.0, 0.0))
INFO:sqlalchemy.engine.base.Engine:COMMIT
INFO:sqlalchemy.engine.base.Engine:DESCRIBE `stock_forecast_data`
INFO:sqlalchemy.engine.base.Engine:()
INFO:sqlalchemy.engine.base.Engine:BEGIN (implicit)
INFO:sqlalchemy.engine.base.Engine:INSERT INTO stock_forecast_data (date, code, forecast_type, report_date, pre_eps, min_range, max_range) VALUES (%s, %s, %s, %s, %s, %s, %s)
INFO:sqlalchemy.engine.base.Engine:(('2016-9-30', '600522', u'\u9884\u589e', '2016-10-11', 0.636, 60.0, 80.0), ('2016-9-30', '600338', u'\u9884\u589e', '2016-10-11', 0.34, 77.0, 100.0), ('2016-9-30', '600152', u'\u9884\u4e8f', '2016-10-11', 0.0655, 0.0, 0.0), ('2016-9-30', '000797', u'\u9884\u51cf', '2016-10-11', 0.18, -100.0, -80.0), ('2016-9-30', '002697', u'\u9884\u5347', '2016-10-11', 0.11, -13.0, 3.0), ('2016-9-30', '000565', u'\u9884\u51cf', '2016-10-11', 0.37799999999999995, -68.31, -66.49), ('2016-9-30', '000752', u'\u9884\u51cf', '2016-10-11', 0.0548, -90.0, -70.0), ('2016-9-30', '000936', u'\u9884\u589e', '2016-10-11', 0.085, 670.0, 720.0)  ... displaying 10 of 651 total bound parameter sets ...  ('2016-9-30', '002329', u'\u9884\u589e', '2016-08-23', 0.0948, 50.0, 80.0), ('2016-9-30', '300023', u'\u9884\u589e', '2016-08-23', 0.02, 0.0, 0.0))
INFO:sqlalchemy.engine.base.Engine:COMMIT
INFO:sqlalchemy.engine.base.Engine:DESCRIBE `stock_forecast_data`
INFO:sqlalchemy.engine.base.Engine:()
INFO:sqlalchemy.engine.base.Engine:BEGIN (implicit)
INFO:sqlalchemy.engine.base.Engine:INSERT INTO stock_forecast_data (date, code, forecast_type, report_date, pre_eps, min_range, max_range) VALUES (%s, %s, %s, %s, %s, %s, %s)
INFO:sqlalchemy.engine.base.Engine:(('2016-9-30', '600522', u'\u9884\u589e', '2016-10-11', 0.636, 60.0, 80.0), ('2016-9-30', '600338', u'\u9884\u589e', '2016-10-11', 0.34, 77.0, 100.0), ('2016-9-30', '600152', u'\u9884\u4e8f', '2016-10-11', 0.0655, 0.0, 0.0), ('2016-9-30', '000797', u'\u9884\u51cf', '2016-10-11', 0.18, -100.0, -80.0), ('2016-9-30', '002697', u'\u9884\u5347', '2016-10-11', 0.11, -13.0, 3.0), ('2016-9-30', '000565', u'\u9884\u51cf', '2016-10-11', 0.37799999999999995, -68.31, -66.49), ('2016-9-30', '000752', u'\u9884\u51cf', '2016-10-11', 0.0548, -90.0, -70.0), ('2016-9-30', '000936', u'\u9884\u589e', '2016-10-11', 0.085, 670.0, 720.0)  ... displaying 10 of 651 total bound parameter sets ...  ('2016-9-30', '002329', u'\u9884\u589e', '2016-08-23', 0.0948, 50.0, 80.0), ('2016-9-30', '300023', u'\u9884\u589e', '2016-08-23', 0.02, 0.0, 0.0))
INFO:sqlalchemy.engine.base.Engine:COMMIT
